<?xml version="1.0" encoding="UTF-8"?>
<!-- Generated by org.testng.reporters.JUnitXMLReporter -->
<testsuite hostname="DESKTOP-A94IS9U" failures="1" tests="1" name="TestOnFirefox" time="70.737" errors="0" timestamp="14 Dec 2021 05:14:19 GMT">
  <testcase classname="matrix_web.crossbrowser" name="test" time="67.965">
    <failure type="org.openqa.selenium.WebDriverException" message="Element &amp;lt;div class=&amp;quot;hSetting pl-1 dropdown&amp;quot;&amp;gt; is not clickable at point (991,32) because another element &amp;lt;li class=&amp;quot;ml-1&amp;quot;&amp;gt; obscures it
Build info: version: &amp;apos;3.5.0&amp;apos;, revision: &amp;apos;8def36e068&amp;apos;, time: &amp;apos;2017-08-10T23:00:22.093Z&amp;apos;
System info: host: &amp;apos;DESKTOP-A94IS9U&amp;apos;, ip: &amp;apos;172.16.1.25&amp;apos;, os.name: &amp;apos;Windows 10&amp;apos;, os.arch: &amp;apos;amd64&amp;apos;, os.version: &amp;apos;10.0&amp;apos;, java.version: &amp;apos;17.0.1&amp;apos;
Driver info: org.openqa.selenium.firefox.FirefoxDriver
Capabilities [{moz:profile=C:\Users\IM0258\AppData\Local\Temp\rust_mozprofileRwYcA6, moz:geckodriverVersion=0.30.0, timeouts={implicit=0.0, pageLoad=300000.0, script=30000.0}, pageLoadStrategy=normal, unhandledPromptBehavior=dismiss and notify, strictFileInteractability=false, moz:headless=false, platform=ANY, proxy=Proxy(), moz:accessibilityChecks=false, moz:useNonSpecCompliantPointerOrigin=false, acceptInsecureCerts=false, browserVersion=95.0, moz:shutdownTimeout=60000.0, platformVersion=10.0, moz:processID=11072.0, browserName=firefox, moz:buildID=20211129150630, javascriptEnabled=true, platformName=windows, setWindowRect=true, moz:webdriverClick=true}]
Session ID: f98375d3-3d51-453f-8bbf-1b9ed62334fe">
      <![CDATA[org.openqa.selenium.WebDriverException: Element <div class="hSetting pl-1 dropdown"> is not clickable at point (991,32) because another element <li class="ml-1"> obscures it
Build info: version: '3.5.0', revision: '8def36e068', time: '2017-08-10T23:00:22.093Z'
System info: host: 'DESKTOP-A94IS9U', ip: '172.16.1.25', os.name: 'Windows 10', os.arch: 'amd64', os.version: '10.0', java.version: '17.0.1'
Driver info: org.openqa.selenium.firefox.FirefoxDriver
Capabilities [{moz:profile=C:\Users\IM0258\AppData\Local\Temp\rust_mozprofileRwYcA6, moz:geckodriverVersion=0.30.0, timeouts={implicit=0.0, pageLoad=300000.0, script=30000.0}, pageLoadStrategy=normal, unhandledPromptBehavior=dismiss and notify, strictFileInteractability=false, moz:headless=false, platform=ANY, proxy=Proxy(), moz:accessibilityChecks=false, moz:useNonSpecCompliantPointerOrigin=false, acceptInsecureCerts=false, browserVersion=95.0, moz:shutdownTimeout=60000.0, platformVersion=10.0, moz:processID=11072.0, browserName=firefox, moz:buildID=20211129150630, javascriptEnabled=true, platformName=windows, setWindowRect=true, moz:webdriverClick=true}]
Session ID: f98375d3-3d51-453f-8bbf-1b9ed62334fe
	at org.openqa.selenium.remote.http.W3CHttpResponseCodec.createException(W3CHttpResponseCodec.java:185)
	at org.openqa.selenium.remote.http.W3CHttpResponseCodec.decode(W3CHttpResponseCodec.java:120)
	at org.openqa.selenium.remote.http.W3CHttpResponseCodec.decode(W3CHttpResponseCodec.java:49)
	at org.openqa.selenium.remote.HttpCommandExecutor.execute(HttpCommandExecutor.java:164)
	at org.openqa.selenium.remote.service.DriverCommandExecutor.execute(DriverCommandExecutor.java:82)
	at org.openqa.selenium.remote.RemoteWebDriver.execute(RemoteWebDriver.java:641)
	at org.openqa.selenium.remote.RemoteWebElement.execute(RemoteWebElement.java:275)
	at org.openqa.selenium.remote.RemoteWebElement.click(RemoteWebElement.java:82)
	at matrix_web.crossbrowser.test(crossbrowser.java:71)
... Removed 28 stack frames]]>
    </failure>
  </testcase> <!-- test -->
</testsuite> <!-- TestOnFirefox -->
